TN:
SF:evm/src/FlowReceipt.sol
DA:16,2
FN:16,FlowReceipt.mint
FNDA:2,FlowReceipt.mint
DA:17,2
DA:20,1
FN:20,FlowReceipt.burn
FNDA:1,FlowReceipt.burn
DA:21,1
FNF:2
FNH:2
LF:4
LH:4
BRF:0
BRH:0
end_of_record
TN:
SF:evm/src/LSPVault.sol
DA:46,14
FN:46,LSPVault.constructor
FNDA:14,LSPVault.constructor
DA:47,14
DA:48,14
DA:63,4
FN:63,LSPVault.requestStake
FNDA:4,LSPVault.requestStake
DA:64,1
BRDA:64,0,0,1
DA:65,3
BRDA:65,1,0,1
DA:67,2
DA:69,2
DA:71,2
DA:77,2
DA:79,2
DA:81,2
DA:83,2
DA:92,4
FN:92,LSPVault.requestUnstake
FNDA:4,LSPVault.requestUnstake
DA:93,1
BRDA:93,2,0,1
DA:95,3
DA:97,3
DA:99,3
DA:105,3
DA:107,3
DA:109,3
DA:117,18
FN:117,LSPVault.updateConfig
FNDA:18,LSPVault.updateConfig
DA:118,17
DA:119,17
DA:120,17
DA:124,16
FN:124,LSPVault.syncRate
FNDA:16,LSPVault.syncRate
DA:125,15
DA:126,15
DA:127,15
DA:134,2
FN:134,LSPVault.fulfillStakeRequest
FNDA:2,LSPVault.fulfillStakeRequest
DA:135,2
DA:136,2
BRDA:136,3,0,1
DA:138,1
DA:140,1
DA:141,1
DA:143,1
DA:152,3
FN:152,LSPVault.fulfillUnstakeRequest
FNDA:3,LSPVault.fulfillUnstakeRequest
DA:153,3
DA:155,3
BRDA:155,4,0,1
DA:156,1
DA:159,2
DA:161,2
DA:163,2
BRDA:163,5,0,1
DA:164,1
DA:167,1
DA:174,4
FN:174,LSPVault.getConfig
FNDA:4,LSPVault.getConfig
DA:175,4
DA:178,1
FN:178,LSPVault.getRate
FNDA:1,LSPVault.getRate
DA:179,1
FNF:9
FNH:9
LF:49
LH:49
BRF:6
BRH:6
end_of_record
TN:
SF:evm/test/mocks/MockERC20.sol
DA:9,4
FN:9,MockERC20.mint
FNDA:4,MockERC20.mint
DA:10,4
FNF:1
FNH:1
LF:2
LH:2
BRF:0
BRH:0
end_of_record
